<?xml version="1.0" encoding="UTF-8"?>
<testsuite name="com.qa.trello.tests.tests.ModifyBoards" tests="1" skipped="0" failures="0" errors="0" timestamp="2020-05-07T10:33:46" hostname="Daniel" time="24.135">
  <properties/>
  <testcase name="ModifyTests" classname="com.qa.trello.tests.tests.ModifyBoards" time="24.135"/>
  <system-out><![CDATA[]]></system-out>
  <system-err><![CDATA[]]></system-err>
</testsuite>
