<?xml version="1.0" encoding="UTF-8"?>
<testsuite name="com.qa.trello.tests.tests.BoardCreationTests" tests="1" skipped="0" failures="0" errors="0" timestamp="2020-05-02T15:55:08" hostname="Daniel" time="49.332">
  <properties/>
  <testcase name="testBoardCreation" classname="com.qa.trello.tests.tests.BoardCreationTests" time="49.332"/>
  <system-out><![CDATA[was: -1  now: 118
]]></system-out>
  <system-err><![CDATA[[1588434945.673][SEVERE]: Timed out receiving message from renderer: 0.100
]]></system-err>
</testsuite>
