<?xml version="1.0" encoding="UTF-8"?>
<testsuite name="com.qa.trello.tests.tests.BoardDeletionTests" tests="1" skipped="0" failures="0" errors="0" timestamp="2020-05-02T10:14:25" hostname="Daniel" time="9.502">
  <properties/>
  <testcase name="TestDeletion" classname="com.qa.trello.tests.tests.BoardDeletionTests" time="9.502"/>
  <system-out><![CDATA[]]></system-out>
  <system-err><![CDATA[]]></system-err>
</testsuite>
