<?xml version="1.0" encoding="UTF-8"?>
<testsuite name="com.qa.trello.tests.tests.BoardCreationTests" tests="1" skipped="0" failures="0" errors="0" timestamp="2020-05-02T10:13:33" hostname="Daniel" time="43.222">
  <properties/>
  <testcase name="testBoardCreation" classname="com.qa.trello.tests.tests.BoardCreationTests" time="43.222"/>
  <system-out><![CDATA[]]></system-out>
  <system-err><![CDATA[[1588414416.402][SEVERE]: Timed out receiving message from renderer: 0.100
[1588414416.506][SEVERE]: Timed out receiving message from renderer: 0.100
[1588414416.610][SEVERE]: Timed out receiving message from renderer: 0.100
[1588414416.714][SEVERE]: Timed out receiving message from renderer: 0.100
[1588414416.818][SEVERE]: Timed out receiving message from renderer: 0.100
[1588414416.928][SEVERE]: Timed out receiving message from renderer: 0.100
]]></system-err>
</testsuite>
