<?xml version="1.0" encoding="UTF-8"?>
<testsuite name="com.qa.trello.tests.GroupCreationTests" tests="1" skipped="0" failures="0" errors="0" timestamp="2020-04-21T11:54:20" hostname="LT-DANIELP" time="23.118">
  <properties/>
  <testcase name="testGroupCreation" classname="com.qa.trello.tests.GroupCreationTests" time="23.118"/>
  <system-out><![CDATA[]]></system-out>
  <system-err><![CDATA[Starting ChromeDriver 81.0.4044.69 (6813546031a4bc83f717a2ef7cd4ac6ec1199132-refs/branch-heads/4044@{#776}) on port 11765
Only local connections are allowed.
Please protect ports used by ChromeDriver and related test frameworks to prevent access by malicious code.
Apr 21, 2020 2:54:15 PM org.openqa.selenium.remote.ProtocolHandshake createSession
INFO: Detected dialect: W3C
[1587470058.024][SEVERE]: Timed out receiving message from renderer: 0.100
[1587470058.126][SEVERE]: Timed out receiving message from renderer: 0.100
[1587470058.228][SEVERE]: Timed out receiving message from renderer: 0.100
[1587470058.333][SEVERE]: Timed out receiving message from renderer: 0.100
[1587470059.092][SEVERE]: Timed out receiving message from renderer: 0.100
[1587470059.879][SEVERE]: Timed out receiving message from renderer: 0.100
[1587470064.731][SEVERE]: Timed out receiving message from renderer: 0.100
[1587470064.833][SEVERE]: Timed out receiving message from renderer: 0.100
[1587470064.935][SEVERE]: Timed out receiving message from renderer: 0.100
[1587470065.042][SEVERE]: Timed out receiving message from renderer: 0.100
[1587470065.147][SEVERE]: Timed out receiving message from renderer: 0.100
[1587470065.250][SEVERE]: Timed out receiving message from renderer: 0.100
[1587470065.354][SEVERE]: Timed out receiving message from renderer: 0.100
[1587470065.464][SEVERE]: Timed out receiving message from renderer: 0.100
[1587470066.196][SEVERE]: Timed out receiving message from renderer: 0.100
[1587470067.113][SEVERE]: Timed out receiving message from renderer: 0.100
[1587470067.337][SEVERE]: Timed out receiving message from renderer: 0.100
[1587470067.440][SEVERE]: Timed out receiving message from renderer: 0.100
[1587470067.541][SEVERE]: Timed out receiving message from renderer: 0.100
]]></system-err>
</testsuite>
