<?xml version="1.0" encoding="UTF-8"?>
<testsuite name="com.qa.trello.tests.tests.BoardDeletionTests" tests="1" skipped="0" failures="0" errors="0" timestamp="2020-05-02T12:29:07" hostname="Daniel" time="24.634">
  <properties/>
  <testcase name="TestDeletion" classname="com.qa.trello.tests.tests.BoardDeletionTests" time="24.634"/>
  <system-out><![CDATA[]]></system-out>
  <system-err><![CDATA[1588422554235	Marionette	WARN	TimedPromise timed out after 500 ms: stacktrace:
TimedPromise/<@chrome://marionette/content/sync.js:244:13
TimedPromise@chrome://marionette/content/sync.js:229:10
interaction.flushEventLoop@chrome://marionette/content/interaction.js:416:10
webdriverClickElement@chrome://marionette/content/interaction.js:182:31
1588422569096	Marionette	WARN	TimedPromise timed out after 500 ms: stacktrace:
TimedPromise/<@chrome://marionette/content/sync.js:244:13
TimedPromise@chrome://marionette/content/sync.js:229:10
interaction.flushEventLoop@chrome://marionette/content/interaction.js:416:10
webdriverClickElement@chrome://marionette/content/interaction.js:182:31
]]></system-err>
</testsuite>
