<?xml version="1.0" encoding="UTF-8"?>
<testsuite name="com.qa.trello.tests.tests.GroupModificationsTests" tests="1" skipped="0" failures="0" errors="0" timestamp="2020-05-01T16:17:58" hostname="Daniel" time="49.037">
  <properties/>
  <testcase name="TestGroupModifications" classname="com.qa.trello.tests.tests.GroupModificationsTests" time="49.037"/>
  <system-out><![CDATA[]]></system-out>
  <system-err><![CDATA[[1588349887.101][SEVERE]: Timed out receiving message from renderer: 0.100
[1588349887.212][SEVERE]: Timed out receiving message from renderer: 0.100
[1588349887.316][SEVERE]: Timed out receiving message from renderer: 0.100
[1588349887.424][SEVERE]: Timed out receiving message from renderer: 0.100
[1588349887.532][SEVERE]: Timed out receiving message from renderer: 0.100
[1588349887.664][SEVERE]: Timed out receiving message from renderer: 0.100
[1588349890.604][SEVERE]: Timed out receiving message from renderer: 0.100
[1588349890.716][SEVERE]: Timed out receiving message from renderer: 0.100
[1588349890.819][SEVERE]: Timed out receiving message from renderer: 0.100
[1588349891.104][SEVERE]: Timed out receiving message from renderer: 0.100
[1588349891.208][SEVERE]: Timed out receiving message from renderer: 0.100
[1588349891.319][SEVERE]: Timed out receiving message from renderer: 0.100
[1588349891.461][SEVERE]: Timed out receiving message from renderer: 0.100
[1588349891.729][SEVERE]: Timed out receiving message from renderer: 0.100
[1588349892.105][SEVERE]: Timed out receiving message from renderer: 0.100
[1588349892.263][SEVERE]: Timed out receiving message from renderer: 0.100
[1588349892.388][SEVERE]: Timed out receiving message from renderer: 0.100
[1588349892.897][SEVERE]: Timed out receiving message from renderer: 0.100
[1588349893.014][SEVERE]: Timed out receiving message from renderer: 0.100
[1588349893.131][SEVERE]: Timed out receiving message from renderer: 0.100
[1588349893.254][SEVERE]: Timed out receiving message from renderer: 0.100
[1588349893.364][SEVERE]: Timed out receiving message from renderer: 0.100
[1588349893.474][SEVERE]: Timed out receiving message from renderer: 0.100
[1588349893.587][SEVERE]: Timed out receiving message from renderer: 0.100
]]></system-err>
</testsuite>
