<?xml version="1.0" encoding="UTF-8"?>
<testsuite name="com.qa.trello.tests.tests.BoardCreationTests" tests="3" skipped="0" failures="0" errors="0" timestamp="2020-05-08T11:51:15" hostname="Daniel" time="79.41">
  <properties/>
  <testcase name="testBoardCreation[0](hhhhh)" classname="com.qa.trello.tests.tests.BoardCreationTests" time="33.812"/>
  <testcase name="testBoardCreation[1](1111111)" classname="com.qa.trello.tests.tests.BoardCreationTests" time="21.569"/>
  <testcase name="testBoardCreation[2](dfghjkl;trehwjklfdfoklmsd,cx)" classname="com.qa.trello.tests.tests.BoardCreationTests" time="19.306"/>
  <system-out><![CDATA[14:50:55.151 [Test worker] INFO  com.qa.trello.tests.tests.TestBase - Start test testBoardCreationwith parameters: [hhhhh]
was: 125  now: 126
14:51:49.313 [Test worker] INFO  com.qa.trello.tests.tests.TestBase - Stop test testBoardCreation
14:51:49.316 [Test worker] INFO  com.qa.trello.tests.tests.TestBase - Start test testBoardCreationwith parameters: [1111111]
was: 126  now: 127
14:52:13.263 [Test worker] INFO  com.qa.trello.tests.tests.TestBase - Stop test testBoardCreation
14:52:13.265 [Test worker] INFO  com.qa.trello.tests.tests.TestBase - Start test testBoardCreationwith parameters: [dfghjkl;trehwjklfdfoklmsd,cx]
was: 127  now: 128
14:52:34.900 [Test worker] INFO  com.qa.trello.tests.tests.TestBase - Stop test testBoardCreation
]]></system-out>
  <system-err><![CDATA[[1588938657.912][SEVERE]: Timed out receiving message from renderer: 0.100
[1588938658.015][SEVERE]: Timed out receiving message from renderer: 0.100
[1588938658.128][SEVERE]: Timed out receiving message from renderer: 0.100
[1588938658.231][SEVERE]: Timed out receiving message from renderer: 0.100
[1588938658.336][SEVERE]: Timed out receiving message from renderer: 0.100
[1588938658.440][SEVERE]: Timed out receiving message from renderer: 0.100
[1588938658.543][SEVERE]: Timed out receiving message from renderer: 0.100
[1588938658.645][SEVERE]: Timed out receiving message from renderer: 0.100
[1588938696.224][SEVERE]: Timed out receiving message from renderer: 0.100
[1588938697.046][SEVERE]: Timed out receiving message from renderer: 0.100
[1588938698.295][SEVERE]: Timed out receiving message from renderer: 0.100
[1588938722.361][SEVERE]: Timed out receiving message from renderer: 0.100
]]></system-err>
</testsuite>
