<?xml version="1.0" encoding="UTF-8"?>
<testsuite name="com.qa.trello.tests.GroupCreationTests" tests="1" skipped="0" failures="0" errors="0" timestamp="2020-04-30T14:16:22" hostname="Daniel" time="16.993">
  <properties/>
  <testcase name="testGroupCreation" classname="com.qa.trello.tests.GroupCreationTests" time="16.993"/>
  <system-out><![CDATA[]]></system-out>
  <system-err><![CDATA[]]></system-err>
</testsuite>
