<?xml version="1.0" encoding="UTF-8"?>
<testsuite name="com.qa.trello.tests.tests.BoardDeletionTests" tests="1" skipped="0" failures="0" errors="0" timestamp="2020-05-08T08:44:41" hostname="Daniel" time="9.368">
  <properties/>
  <testcase name="TestDeletion" classname="com.qa.trello.tests.tests.BoardDeletionTests" time="9.368"/>
  <system-out><![CDATA[]]></system-out>
  <system-err><![CDATA[[1588927487.094][SEVERE]: Timed out receiving message from renderer: 0.100
[1588927489.199][SEVERE]: Timed out receiving message from renderer: 0.100
]]></system-err>
</testsuite>
