<?xml version="1.0" encoding="UTF-8"?>
<testsuite name="com.qa.trello.tests.tests.GroupModificationsTests" tests="1" skipped="0" failures="0" errors="0" timestamp="2020-05-02T10:15:18" hostname="Daniel" time="33.248">
  <properties/>
  <testcase name="TestGroupModifications" classname="com.qa.trello.tests.tests.GroupModificationsTests" time="33.248"/>
  <system-out><![CDATA[]]></system-out>
  <system-err><![CDATA[[1588414537.558][SEVERE]: Timed out receiving message from renderer: 0.100
[1588414542.125][SEVERE]: Timed out receiving message from renderer: 0.100
[1588414544.428][SEVERE]: Timed out receiving message from renderer: 0.100
]]></system-err>
</testsuite>
