<?xml version="1.0" encoding="UTF-8"?>
<testsuite name="com.qa.trello.tests.tests.ModifyBoards" tests="1" skipped="0" failures="0" errors="0" timestamp="2020-05-02T12:48:54" hostname="Daniel" time="32.499">
  <properties/>
  <testcase name="ModifyTests" classname="com.qa.trello.tests.tests.ModifyBoards" time="32.499"/>
  <system-out><![CDATA[]]></system-out>
  <system-err><![CDATA[[1588423749.212][SEVERE]: Timed out receiving message from renderer: 0.100
]]></system-err>
</testsuite>
