<?xml version="1.0" encoding="UTF-8"?>
<testsuite name="com.qa.trello.tests.tests.GroupModificationsTests" tests="1" skipped="0" failures="0" errors="0" timestamp="2020-05-02T10:08:20" hostname="Daniel" time="27.072">
  <properties/>
  <testcase name="TestGroupModifications" classname="com.qa.trello.tests.tests.GroupModificationsTests" time="27.072"/>
  <system-out><![CDATA[]]></system-out>
  <system-err><![CDATA[[1588414119.584][SEVERE]: Timed out receiving message from renderer: 0.100
[1588414120.222][SEVERE]: Timed out receiving message from renderer: 0.100
[1588414124.160][SEVERE]: Timed out receiving message from renderer: 0.100
]]></system-err>
</testsuite>
