<?xml version="1.0" encoding="UTF-8"?>
<testsuite name="com.qa.trello.tests.BoardCreationTests" tests="1" skipped="0" failures="0" errors="0" timestamp="2020-04-25T05:57:59" hostname="Daniel" time="29.901">
  <properties/>
  <testcase name="testBoardCreation" classname="com.qa.trello.tests.BoardCreationTests" time="29.901"/>
  <system-out><![CDATA[was: -1  now: 47
]]></system-out>
  <system-err><![CDATA[Starting ChromeDriver 81.0.4044.69 (6813546031a4bc83f717a2ef7cd4ac6ec1199132-refs/branch-heads/4044@{#776}) on port 29902
Only local connections are allowed.
Please protect ports used by ChromeDriver and related test frameworks to prevent access by malicious code.
Apr 25, 2020 8:57:30 AM org.openqa.selenium.remote.ProtocolHandshake createSession
INFO: Detected dialect: W3C
[1587794252.565][SEVERE]: Timed out receiving message from renderer: 0.100
[1587794252.669][SEVERE]: Timed out receiving message from renderer: 0.100
[1587794252.773][SEVERE]: Timed out receiving message from renderer: 0.100
[1587794254.143][SEVERE]: Timed out receiving message from renderer: 0.100
[1587794254.495][SEVERE]: Timed out receiving message from renderer: 0.100
[1587794255.506][SEVERE]: Timed out receiving message from renderer: 0.100
[1587794255.660][SEVERE]: Timed out receiving message from renderer: 0.100
[1587794255.987][SEVERE]: Timed out receiving message from renderer: 0.100
[1587794256.203][SEVERE]: Timed out receiving message from renderer: 0.100
[1587794256.550][SEVERE]: Timed out receiving message from renderer: 0.100
[1587794256.658][SEVERE]: Timed out receiving message from renderer: 0.100
[1587794256.767][SEVERE]: Timed out receiving message from renderer: 0.100
[1587794265.213][SEVERE]: Timed out receiving message from renderer: 0.100
[1587794265.322][SEVERE]: Timed out receiving message from renderer: 0.100
[1587794265.429][SEVERE]: Timed out receiving message from renderer: 0.100
[1587794265.581][SEVERE]: Timed out receiving message from renderer: 0.100
[1587794265.690][SEVERE]: Timed out receiving message from renderer: 0.100
[1587794265.803][SEVERE]: Timed out receiving message from renderer: 0.100
[1587794265.906][SEVERE]: Timed out receiving message from renderer: 0.100
[1587794266.010][SEVERE]: Timed out receiving message from renderer: 0.100
[1587794266.122][SEVERE]: Timed out receiving message from renderer: 0.100
[1587794266.226][SEVERE]: Timed out receiving message from renderer: 0.100
[1587794266.335][SEVERE]: Timed out receiving message from renderer: 0.100
[1587794266.440][SEVERE]: Timed out receiving message from renderer: 0.100
[1587794266.548][SEVERE]: Timed out receiving message from renderer: 0.100
[1587794266.652][SEVERE]: Timed out receiving message from renderer: 0.100
[1587794266.757][SEVERE]: Timed out receiving message from renderer: 0.100
[1587794266.862][SEVERE]: Timed out receiving message from renderer: 0.100
[1587794266.970][SEVERE]: Timed out receiving message from renderer: 0.100
[1587794267.074][SEVERE]: Timed out receiving message from renderer: 0.100
[1587794267.179][SEVERE]: Timed out receiving message from renderer: 0.100
[1587794267.286][SEVERE]: Timed out receiving message from renderer: 0.100
[1587794267.390][SEVERE]: Timed out receiving message from renderer: 0.100
[1587794267.498][SEVERE]: Timed out receiving message from renderer: 0.100
[1587794267.602][SEVERE]: Timed out receiving message from renderer: 0.100
[1587794267.707][SEVERE]: Timed out receiving message from renderer: 0.100
[1587794267.822][SEVERE]: Timed out receiving message from renderer: 0.100
[1587794267.958][SEVERE]: Timed out receiving message from renderer: 0.100
[1587794268.066][SEVERE]: Timed out receiving message from renderer: 0.100
[1587794268.171][SEVERE]: Timed out receiving message from renderer: 0.100
[1587794268.278][SEVERE]: Timed out receiving message from renderer: 0.100
[1587794269.382][SEVERE]: Timed out receiving message from renderer: 0.100
[1587794269.486][SEVERE]: Timed out receiving message from renderer: 0.100
[1587794269.595][SEVERE]: Timed out receiving message from renderer: 0.100
[1587794269.971][SEVERE]: Timed out receiving message from renderer: 0.100
[1587794271.442][SEVERE]: Timed out receiving message from renderer: 0.100
[1587794272.051][SEVERE]: Timed out receiving message from renderer: 0.100
[1587794272.219][SEVERE]: Timed out receiving message from renderer: 0.100
[1587794272.371][SEVERE]: Timed out receiving message from renderer: 0.100
[1587794272.534][SEVERE]: Timed out receiving message from renderer: 0.100
[1587794282.361][SEVERE]: Timed out receiving message from renderer: 0.100
[1587794282.465][SEVERE]: Timed out receiving message from renderer: 0.100
[1587794282.577][SEVERE]: Timed out receiving message from renderer: 0.100
[1587794282.685][SEVERE]: Timed out receiving message from renderer: 0.100
[1587794282.789][SEVERE]: Timed out receiving message from renderer: 0.100
[1587794282.897][SEVERE]: Timed out receiving message from renderer: 0.100
[1587794283.005][SEVERE]: Timed out receiving message from renderer: 0.100
[1587794283.121][SEVERE]: Timed out receiving message from renderer: 0.100
[1587794283.225][SEVERE]: Timed out receiving message from renderer: 0.100
[1587794283.332][SEVERE]: Timed out receiving message from renderer: 0.100
[1587794283.441][SEVERE]: Timed out receiving message from renderer: 0.100
]]></system-err>
</testsuite>
