<?xml version="1.0" encoding="UTF-8"?>
<testsuite name="com.qa.trello.tests.tests.ModifyBoards" tests="1" skipped="0" failures="0" errors="0" timestamp="2020-05-08T08:44:07" hostname="Daniel" time="23.796">
  <properties/>
  <testcase name="ModifyTests" classname="com.qa.trello.tests.tests.ModifyBoards" time="23.796"/>
  <system-out><![CDATA[]]></system-out>
  <system-err><![CDATA[[1588927467.414][SEVERE]: Timed out receiving message from renderer: 0.100
]]></system-err>
</testsuite>
