<?xml version="1.0" encoding="UTF-8"?>
<testsuite name="com.qa.trello.tests.tests.ModifyBoards" tests="1" skipped="0" failures="0" errors="0" timestamp="2020-05-02T15:57:26" hostname="Daniel" time="23.639">
  <properties/>
  <testcase name="ModifyTests" classname="com.qa.trello.tests.tests.ModifyBoards" time="23.639"/>
  <system-out><![CDATA[]]></system-out>
  <system-err><![CDATA[[1588435066.473][SEVERE]: Timed out receiving message from renderer: 0.100
]]></system-err>
</testsuite>
