<?xml version="1.0" encoding="UTF-8"?>
<testsuite name="com.qa.trello.tests.tests.GroupModificationsTests" tests="1" skipped="0" failures="0" errors="0" timestamp="2020-05-07T08:53:53" hostname="Daniel" time="24.932">
  <properties/>
  <testcase name="TestGroupModifications" classname="com.qa.trello.tests.tests.GroupModificationsTests" time="24.932"/>
  <system-out><![CDATA[]]></system-out>
  <system-err><![CDATA[[1588841655.812][SEVERE]: Timed out receiving message from renderer: 0.100
]]></system-err>
</testsuite>
