<?xml version="1.0" encoding="UTF-8"?>
<testsuite name="com.qa.trello.tests.tests.GroupModificationsTests" tests="1" skipped="0" failures="0" errors="0" timestamp="2020-05-01T15:48:12" hostname="Daniel" time="42.312">
  <properties/>
  <testcase name="TestGroupModifications" classname="com.qa.trello.tests.tests.GroupModificationsTests" time="42.312"/>
  <system-out><![CDATA[]]></system-out>
  <system-err><![CDATA[]]></system-err>
</testsuite>
