<?xml version="1.0" encoding="UTF-8"?>
<testsuite name="com.qa.trello.tests.tests.BoardCreationTests" tests="1" skipped="0" failures="0" errors="0" timestamp="2020-05-01T13:50:46" hostname="Daniel" time="41.56">
  <properties/>
  <testcase name="testBoardCreation" classname="com.qa.trello.tests.tests.BoardCreationTests" time="41.56"/>
  <system-out><![CDATA[]]></system-out>
  <system-err><![CDATA[[1588341049.188][SEVERE]: Timed out receiving message from renderer: 0.100
[1588341049.294][SEVERE]: Timed out receiving message from renderer: 0.100
]]></system-err>
</testsuite>
