<?xml version="1.0" encoding="UTF-8"?>
<testsuite name="com.qa.trello.tests.tests.GroupDeletion" tests="1" skipped="0" failures="0" errors="0" timestamp="2020-05-02T15:56:45" hostname="Daniel" time="10.005">
  <properties/>
  <testcase name="groupDeletion" classname="com.qa.trello.tests.tests.GroupDeletion" time="10.005"/>
  <system-out><![CDATA[]]></system-out>
  <system-err><![CDATA[[1588435011.276][SEVERE]: Timed out receiving message from renderer: 0.100
]]></system-err>
</testsuite>
