<?xml version="1.0" encoding="UTF-8"?>
<testsuite name="com.qa.trello.tests.BoardCreationTests" tests="1" skipped="0" failures="0" errors="0" timestamp="2020-04-18T08:01:33" hostname="Daniel" time="37.465">
  <properties/>
  <testcase name="testBoardCreation" classname="com.qa.trello.tests.BoardCreationTests" time="37.465"/>
  <system-out><![CDATA[]]></system-out>
  <system-err><![CDATA[Starting ChromeDriver 80.0.3987.106 (f68069574609230cf9b635cd784cfb1bf81bb53a-refs/branch-heads/3987@{#882}) on port 12949
Only local connections are allowed.
Please protect ports used by ChromeDriver and related test frameworks to prevent access by malicious code.
Apr 18, 2020 11:01:26 AM org.openqa.selenium.remote.ProtocolHandshake createSession
INFO: Detected dialect: W3C
[1587196888.267][SEVERE]: Timed out receiving message from renderer: 0.100
[1587196888.370][SEVERE]: Timed out receiving message from renderer: 0.100
[1587196888.484][SEVERE]: Timed out receiving message from renderer: 0.100
[1587196888.586][SEVERE]: Timed out receiving message from renderer: 0.100
[1587196888.689][SEVERE]: Timed out receiving message from renderer: 0.100
[1587196889.220][SEVERE]: Timed out receiving message from renderer: 0.100
[1587196889.830][SEVERE]: Timed out receiving message from renderer: 0.100
[1587196890.840][SEVERE]: Timed out receiving message from renderer: 0.100
[1587196891.158][SEVERE]: Timed out receiving message from renderer: 0.100
[1587196892.354][SEVERE]: Timed out receiving message from renderer: 0.100
[1587196892.797][SEVERE]: Timed out receiving message from renderer: 0.100
[1587196893.339][SEVERE]: Timed out receiving message from renderer: 0.100
[1587196893.461][SEVERE]: Timed out receiving message from renderer: 0.100
[1587196898.562][SEVERE]: Timed out receiving message from renderer: 0.100
[1587196899.928][SEVERE]: Timed out receiving message from renderer: 0.100
[1587196900.030][SEVERE]: Timed out receiving message from renderer: 0.100
[1587196900.167][SEVERE]: Timed out receiving message from renderer: 0.100
[1587196900.269][SEVERE]: Timed out receiving message from renderer: 0.100
[1587196900.375][SEVERE]: Timed out receiving message from renderer: 0.100
[1587196900.478][SEVERE]: Timed out receiving message from renderer: 0.100
[1587196900.582][SEVERE]: Timed out receiving message from renderer: 0.100
[1587196900.687][SEVERE]: Timed out receiving message from renderer: 0.100
[1587196900.791][SEVERE]: Timed out receiving message from renderer: 0.100
[1587196900.908][SEVERE]: Timed out receiving message from renderer: 0.100
[1587196901.011][SEVERE]: Timed out receiving message from renderer: 0.100
[1587196901.199][SEVERE]: Timed out receiving message from renderer: 0.100
[1587196901.306][SEVERE]: Timed out receiving message from renderer: 0.100
[1587196901.409][SEVERE]: Timed out receiving message from renderer: 0.100
[1587196902.441][SEVERE]: Timed out receiving message from renderer: 0.100
[1587196902.545][SEVERE]: Timed out receiving message from renderer: 0.100
[1587196902.653][SEVERE]: Timed out receiving message from renderer: 0.100
[1587196902.809][SEVERE]: Timed out receiving message from renderer: 0.100
[1587196903.073][SEVERE]: Timed out receiving message from renderer: 0.100
[1587196904.410][SEVERE]: Timed out receiving message from renderer: 0.100
[1587196904.614][SEVERE]: Timed out receiving message from renderer: 0.100
[1587196904.717][SEVERE]: Timed out receiving message from renderer: 0.100
[1587196904.819][SEVERE]: Timed out receiving message from renderer: 0.100
[1587196921.440][SEVERE]: Timed out receiving message from renderer: 0.100
[1587196921.557][SEVERE]: Timed out receiving message from renderer: 0.100
[1587196921.664][SEVERE]: Timed out receiving message from renderer: 0.100
[1587196921.766][SEVERE]: Timed out receiving message from renderer: 0.100
[1587196921.871][SEVERE]: Timed out receiving message from renderer: 0.100
[1587196921.976][SEVERE]: Timed out receiving message from renderer: 0.100
[1587196922.080][SEVERE]: Timed out receiving message from renderer: 0.100
[1587196922.182][SEVERE]: Timed out receiving message from renderer: 0.100
[1587196922.287][SEVERE]: Timed out receiving message from renderer: 0.100
]]></system-err>
</testsuite>
