<?xml version="1.0" encoding="UTF-8"?>
<testsuite name="com.qa.trello.tests.tests.BoardCreationTests" tests="1" skipped="0" failures="0" errors="0" timestamp="2020-05-07T08:51:30" hostname="Daniel" time="74.695">
  <properties/>
  <testcase name="testBoardCreation" classname="com.qa.trello.tests.tests.BoardCreationTests" time="74.695"/>
  <system-out><![CDATA[was: -1  now: 118
]]></system-out>
  <system-err><![CDATA[[1588841505.654][SEVERE]: Timed out receiving message from renderer: 0.100
[1588841505.828][SEVERE]: Timed out receiving message from renderer: 0.100
[1588841506.464][SEVERE]: Timed out receiving message from renderer: 0.100
[1588841506.684][SEVERE]: Timed out receiving message from renderer: 0.100
[1588841506.796][SEVERE]: Timed out receiving message from renderer: 0.100
[1588841506.928][SEVERE]: Timed out receiving message from renderer: 0.100
[1588841507.035][SEVERE]: Timed out receiving message from renderer: 0.100
[1588841507.140][SEVERE]: Timed out receiving message from renderer: 0.100
[1588841507.247][SEVERE]: Timed out receiving message from renderer: 0.100
[1588841507.354][SEVERE]: Timed out receiving message from renderer: 0.100
[1588841507.462][SEVERE]: Timed out receiving message from renderer: 0.100
[1588841549.874][SEVERE]: Timed out receiving message from renderer: 0.100
[1588841552.828][SEVERE]: Timed out receiving message from renderer: 0.100
]]></system-err>
</testsuite>
