<?xml version="1.0" encoding="UTF-8"?>
<testsuite name="com.qa.trello.tests.tests.GroupCreationTests" tests="1" skipped="0" failures="0" errors="0" timestamp="2020-05-08T08:34:36" hostname="Daniel" time="68.076">
  <properties/>
  <testcase name="testGroupCreation" classname="com.qa.trello.tests.tests.GroupCreationTests" time="68.076"/>
  <system-out><![CDATA[]]></system-out>
  <system-err><![CDATA[[1588926930.248][SEVERE]: Timed out receiving message from renderer: 0.100
]]></system-err>
</testsuite>
