<?xml version="1.0" encoding="UTF-8"?>
<testsuite name="com.qa.trello.tests.GroupCreationTests" tests="1" skipped="0" failures="0" errors="0" timestamp="2020-04-18T08:53:49" hostname="Daniel" time="38.704">
  <properties/>
  <testcase name="testGroupCreation" classname="com.qa.trello.tests.GroupCreationTests" time="38.704"/>
  <system-out><![CDATA[]]></system-out>
  <system-err><![CDATA[Starting ChromeDriver 80.0.3987.106 (f68069574609230cf9b635cd784cfb1bf81bb53a-refs/branch-heads/3987@{#882}) on port 39232
Only local connections are allowed.
Please protect ports used by ChromeDriver and related test frameworks to prevent access by malicious code.
Apr 18, 2020 11:53:43 AM org.openqa.selenium.remote.ProtocolHandshake createSession
INFO: Detected dialect: W3C
[1587200025.861][SEVERE]: Timed out receiving message from renderer: 0.100
[1587200025.964][SEVERE]: Timed out receiving message from renderer: 0.100
[1587200026.067][SEVERE]: Timed out receiving message from renderer: 0.100
[1587200026.171][SEVERE]: Timed out receiving message from renderer: 0.100
[1587200026.276][SEVERE]: Timed out receiving message from renderer: 0.100
[1587200026.907][SEVERE]: Timed out receiving message from renderer: 0.100
[1587200027.549][SEVERE]: Timed out receiving message from renderer: 0.100
[1587200027.926][SEVERE]: Timed out receiving message from renderer: 0.100
[1587200028.517][SEVERE]: Timed out receiving message from renderer: 0.100
[1587200029.511][SEVERE]: Timed out receiving message from renderer: 0.100
[1587200029.615][SEVERE]: Timed out receiving message from renderer: 0.100
[1587200029.734][SEVERE]: Timed out receiving message from renderer: 0.100
[1587200037.621][SEVERE]: Timed out receiving message from renderer: 0.100
[1587200037.726][SEVERE]: Timed out receiving message from renderer: 0.100
[1587200037.829][SEVERE]: Timed out receiving message from renderer: 0.100
[1587200037.931][SEVERE]: Timed out receiving message from renderer: 0.100
[1587200038.033][SEVERE]: Timed out receiving message from renderer: 0.100
[1587200038.136][SEVERE]: Timed out receiving message from renderer: 0.100
[1587200038.238][SEVERE]: Timed out receiving message from renderer: 0.100
[1587200038.341][SEVERE]: Timed out receiving message from renderer: 0.100
[1587200038.444][SEVERE]: Timed out receiving message from renderer: 0.100
[1587200038.549][SEVERE]: Timed out receiving message from renderer: 0.100
[1587200038.734][SEVERE]: Timed out receiving message from renderer: 0.100
[1587200038.838][SEVERE]: Timed out receiving message from renderer: 0.100
[1587200038.941][SEVERE]: Timed out receiving message from renderer: 0.100
[1587200039.044][SEVERE]: Timed out receiving message from renderer: 0.100
[1587200040.044][SEVERE]: Timed out receiving message from renderer: 0.100
[1587200040.176][SEVERE]: Timed out receiving message from renderer: 0.100
[1587200040.294][SEVERE]: Timed out receiving message from renderer: 0.100
[1587200040.441][SEVERE]: Timed out receiving message from renderer: 0.100
[1587200040.693][SEVERE]: Timed out receiving message from renderer: 0.100
[1587200041.907][SEVERE]: Timed out receiving message from renderer: 0.100
[1587200042.017][SEVERE]: Timed out receiving message from renderer: 0.100
[1587200042.519][SEVERE]: Timed out receiving message from renderer: 0.100
[1587200042.621][SEVERE]: Timed out receiving message from renderer: 0.100
[1587200059.689][SEVERE]: Timed out receiving message from renderer: 0.100
[1587200059.791][SEVERE]: Timed out receiving message from renderer: 0.100
[1587200059.894][SEVERE]: Timed out receiving message from renderer: 0.100
[1587200059.996][SEVERE]: Timed out receiving message from renderer: 0.100
[1587200060.132][SEVERE]: Timed out receiving message from renderer: 0.100
[1587200060.252][SEVERE]: Timed out receiving message from renderer: 0.100
[1587200060.359][SEVERE]: Timed out receiving message from renderer: 0.100
]]></system-err>
</testsuite>
