<?xml version="1.0" encoding="UTF-8"?>
<testsuite name="com.qa.trello.tests.tests.BoardCreationTests" tests="3" skipped="0" failures="0" errors="0" timestamp="2020-05-08T10:18:56" hostname="Daniel" time="86.958">
  <properties/>
  <testcase name="testBoardCreation[0](hhhhh)" classname="com.qa.trello.tests.tests.BoardCreationTests" time="32.331"/>
  <testcase name="testBoardCreation[1](1111111)" classname="com.qa.trello.tests.tests.BoardCreationTests" time="23.543"/>
  <testcase name="testBoardCreation[2](dfghjkl;trehwjklfdfoklmsd,cx)" classname="com.qa.trello.tests.tests.BoardCreationTests" time="26.092"/>
  <system-out><![CDATA[was: 128  now: 129
was: 129  now: 130
was: 130  now: 131
]]></system-out>
  <system-err><![CDATA[[1588933114.822][SEVERE]: Timed out receiving message from renderer: 0.100
[1588933114.927][SEVERE]: Timed out receiving message from renderer: 0.100
[1588933115.032][SEVERE]: Timed out receiving message from renderer: 0.100
[1588933115.138][SEVERE]: Timed out receiving message from renderer: 0.100
[1588933148.809][SEVERE]: Timed out receiving message from renderer: 0.100
[1588933152.361][SEVERE]: Timed out receiving message from renderer: 0.100
[1588933155.214][SEVERE]: Timed out receiving message from renderer: 0.100
[1588933184.267][SEVERE]: Timed out receiving message from renderer: 0.100
[1588933207.071][SEVERE]: Timed out receiving message from renderer: 0.100
[1588933210.172][SEVERE]: Timed out receiving message from renderer: 0.100
]]></system-err>
</testsuite>
