<?xml version="1.0" encoding="UTF-8"?>
<testsuite name="com.qa.trello.tests.tests.GroupDeletion" tests="1" skipped="0" failures="0" errors="0" timestamp="2020-05-08T08:45:50" hostname="Daniel" time="9.832">
  <properties/>
  <testcase name="groupDeletion" classname="com.qa.trello.tests.tests.GroupDeletion" time="9.832"/>
  <system-out><![CDATA[]]></system-out>
  <system-err><![CDATA[[1588927556.599][SEVERE]: Timed out receiving message from renderer: 0.100
[1588927558.889][SEVERE]: Timed out receiving message from renderer: 0.100
]]></system-err>
</testsuite>
