<?xml version="1.0" encoding="UTF-8"?>
<testsuite name="com.qa.trello.tests.modifyBoards" tests="1" skipped="0" failures="0" errors="0" timestamp="2020-04-25T16:55:04" hostname="Daniel" time="48.889">
  <properties/>
  <testcase name="modifyTests" classname="com.qa.trello.tests.modifyBoards" time="48.889"/>
  <system-out><![CDATA[]]></system-out>
  <system-err><![CDATA[Starting ChromeDriver 81.0.4044.69 (6813546031a4bc83f717a2ef7cd4ac6ec1199132-refs/branch-heads/4044@{#776}) on port 10350
Only local connections are allowed.
Please protect ports used by ChromeDriver and related test frameworks to prevent access by malicious code.
Apr 25, 2020 7:54:37 PM org.openqa.selenium.remote.ProtocolHandshake createSession
INFO: Detected dialect: W3C
[1587833680.206][SEVERE]: Timed out receiving message from renderer: 0.100
[1587833680.310][SEVERE]: Timed out receiving message from renderer: 0.100
[1587833680.413][SEVERE]: Timed out receiving message from renderer: 0.100
[1587833680.516][SEVERE]: Timed out receiving message from renderer: 0.100
[1587833682.641][SEVERE]: Timed out receiving message from renderer: 0.100
[1587833683.782][SEVERE]: Timed out receiving message from renderer: 0.100
[1587833683.888][SEVERE]: Timed out receiving message from renderer: 0.100
[1587833683.991][SEVERE]: Timed out receiving message from renderer: 0.100
[1587833684.101][SEVERE]: Timed out receiving message from renderer: 0.100
[1587833684.204][SEVERE]: Timed out receiving message from renderer: 0.100
[1587833684.327][SEVERE]: Timed out receiving message from renderer: 0.100
[1587833684.744][SEVERE]: Timed out receiving message from renderer: 0.100
[1587833684.849][SEVERE]: Timed out receiving message from renderer: 0.100
[1587833685.171][SEVERE]: Timed out receiving message from renderer: 0.100
[1587833685.276][SEVERE]: Timed out receiving message from renderer: 0.100
[1587833685.383][SEVERE]: Timed out receiving message from renderer: 0.100
[1587833693.149][SEVERE]: Timed out receiving message from renderer: 0.100
[1587833693.261][SEVERE]: Timed out receiving message from renderer: 0.100
[1587833693.364][SEVERE]: Timed out receiving message from renderer: 0.100
[1587833693.467][SEVERE]: Timed out receiving message from renderer: 0.100
[1587833693.633][SEVERE]: Timed out receiving message from renderer: 0.100
[1587833693.749][SEVERE]: Timed out receiving message from renderer: 0.100
[1587833693.886][SEVERE]: Timed out receiving message from renderer: 0.100
[1587833693.989][SEVERE]: Timed out receiving message from renderer: 0.100
[1587833694.096][SEVERE]: Timed out receiving message from renderer: 0.100
[1587833694.201][SEVERE]: Timed out receiving message from renderer: 0.100
[1587833694.308][SEVERE]: Timed out receiving message from renderer: 0.100
[1587833694.411][SEVERE]: Timed out receiving message from renderer: 0.100
[1587833694.515][SEVERE]: Timed out receiving message from renderer: 0.100
[1587833694.620][SEVERE]: Timed out receiving message from renderer: 0.100
[1587833694.723][SEVERE]: Timed out receiving message from renderer: 0.100
[1587833694.827][SEVERE]: Timed out receiving message from renderer: 0.100
[1587833694.941][SEVERE]: Timed out receiving message from renderer: 0.100
[1587833695.059][SEVERE]: Timed out receiving message from renderer: 0.100
[1587833695.165][SEVERE]: Timed out receiving message from renderer: 0.100
[1587833695.269][SEVERE]: Timed out receiving message from renderer: 0.100
[1587833696.258][SEVERE]: Timed out receiving message from renderer: 0.100
[1587833696.374][SEVERE]: Timed out receiving message from renderer: 0.100
[1587833696.478][SEVERE]: Timed out receiving message from renderer: 0.100
[1587833696.900][SEVERE]: Timed out receiving message from renderer: 0.100
[1587833697.892][SEVERE]: Timed out receiving message from renderer: 0.100
[1587833706.283][SEVERE]: Timed out receiving message from renderer: 0.100
[1587833707.879][SEVERE]: Timed out receiving message from renderer: 0.100
[1587833707.983][SEVERE]: Timed out receiving message from renderer: 0.100
[1587833708.085][SEVERE]: Timed out receiving message from renderer: 0.100
[1587833708.188][SEVERE]: Timed out receiving message from renderer: 0.100
[1587833708.293][SEVERE]: Timed out receiving message from renderer: 0.100
[1587833708.396][SEVERE]: Timed out receiving message from renderer: 0.100
[1587833708.501][SEVERE]: Timed out receiving message from renderer: 0.100
[1587833708.645][SEVERE]: Timed out receiving message from renderer: 0.100
]]></system-err>
</testsuite>
