<?xml version="1.0" encoding="UTF-8"?>
<testsuite name="com.qa.trello.tests.BoardDeletionTests" tests="1" skipped="0" failures="0" errors="0" timestamp="2020-04-24T13:27:36" hostname="Daniel" time="28.442">
  <properties/>
  <testcase name="TestDeletion" classname="com.qa.trello.tests.BoardDeletionTests" time="28.442"/>
  <system-out><![CDATA[]]></system-out>
  <system-err><![CDATA[Starting ChromeDriver 81.0.4044.69 (6813546031a4bc83f717a2ef7cd4ac6ec1199132-refs/branch-heads/4044@{#776}) on port 16032
Only local connections are allowed.
Please protect ports used by ChromeDriver and related test frameworks to prevent access by malicious code.
Apr 24, 2020 4:27:14 PM org.openqa.selenium.remote.ProtocolHandshake createSession
INFO: Detected dialect: W3C
[1587734837.204][SEVERE]: Timed out receiving message from renderer: 0.100
[1587734837.310][SEVERE]: Timed out receiving message from renderer: 0.100
[1587734837.414][SEVERE]: Timed out receiving message from renderer: 0.100
[1587734837.520][SEVERE]: Timed out receiving message from renderer: 0.100
[1587734838.642][SEVERE]: Timed out receiving message from renderer: 0.100
[1587734839.184][SEVERE]: Timed out receiving message from renderer: 0.100
[1587734840.060][SEVERE]: Timed out receiving message from renderer: 0.100
[1587734840.704][SEVERE]: Timed out receiving message from renderer: 0.100
[1587734840.817][SEVERE]: Timed out receiving message from renderer: 0.100
[1587734840.940][SEVERE]: Timed out receiving message from renderer: 0.100
[1587734841.605][SEVERE]: Timed out receiving message from renderer: 0.100
[1587734841.774][SEVERE]: Timed out receiving message from renderer: 0.100
[1587734841.884][SEVERE]: Timed out receiving message from renderer: 0.100
[1587734842.232][SEVERE]: Timed out receiving message from renderer: 0.100
[1587734842.344][SEVERE]: Timed out receiving message from renderer: 0.100
[1587734849.243][SEVERE]: Timed out receiving message from renderer: 0.100
[1587734849.350][SEVERE]: Timed out receiving message from renderer: 0.100
[1587734849.453][SEVERE]: Timed out receiving message from renderer: 0.100
[1587734849.568][SEVERE]: Timed out receiving message from renderer: 0.100
[1587734849.702][SEVERE]: Timed out receiving message from renderer: 0.100
[1587734849.805][SEVERE]: Timed out receiving message from renderer: 0.100
[1587734849.907][SEVERE]: Timed out receiving message from renderer: 0.100
[1587734850.012][SEVERE]: Timed out receiving message from renderer: 0.100
[1587734850.119][SEVERE]: Timed out receiving message from renderer: 0.100
[1587734850.222][SEVERE]: Timed out receiving message from renderer: 0.100
[1587734850.325][SEVERE]: Timed out receiving message from renderer: 0.100
[1587734850.429][SEVERE]: Timed out receiving message from renderer: 0.100
[1587734850.533][SEVERE]: Timed out receiving message from renderer: 0.100
[1587734850.637][SEVERE]: Timed out receiving message from renderer: 0.100
[1587734850.741][SEVERE]: Timed out receiving message from renderer: 0.100
[1587734850.844][SEVERE]: Timed out receiving message from renderer: 0.100
[1587734850.948][SEVERE]: Timed out receiving message from renderer: 0.100
[1587734851.052][SEVERE]: Timed out receiving message from renderer: 0.100
[1587734852.063][SEVERE]: Timed out receiving message from renderer: 0.100
[1587734852.167][SEVERE]: Timed out receiving message from renderer: 0.100
[1587734852.301][SEVERE]: Timed out receiving message from renderer: 0.100
[1587734852.610][SEVERE]: Timed out receiving message from renderer: 0.100
[1587734853.610][SEVERE]: Timed out receiving message from renderer: 0.100
[1587734854.068][SEVERE]: Timed out receiving message from renderer: 0.100
[1587734854.302][SEVERE]: Timed out receiving message from renderer: 0.100
[1587734854.527][SEVERE]: Timed out receiving message from renderer: 0.100
[1587734854.695][SEVERE]: Timed out receiving message from renderer: 0.100
[1587734854.860][SEVERE]: Timed out receiving message from renderer: 0.100
[1587734855.042][SEVERE]: Timed out receiving message from renderer: 0.100
]]></system-err>
</testsuite>
