<?xml version="1.0" encoding="UTF-8"?>
<testsuite name="com.qa.trello.tests.tests.GroupCreationTests" tests="1" skipped="0" failures="0" errors="0" timestamp="2020-05-01T13:51:38" hostname="Daniel" time="13.728">
  <properties/>
  <testcase name="testGroupCreation" classname="com.qa.trello.tests.tests.GroupCreationTests" time="13.728"/>
  <system-out><![CDATA[]]></system-out>
  <system-err><![CDATA[]]></system-err>
</testsuite>
