<?xml version="1.0" encoding="UTF-8"?>
<testsuite name="com.qa.trello.tests.BoardCreationTests" tests="1" skipped="0" failures="0" errors="0" timestamp="2020-04-30T14:15:29" hostname="Daniel" time="39.716">
  <properties/>
  <testcase name="testBoardCreation" classname="com.qa.trello.tests.BoardCreationTests" time="39.716"/>
  <system-out><![CDATA[]]></system-out>
  <system-err><![CDATA[[1588256133.054][SEVERE]: Timed out receiving message from renderer: 0.100
[1588256133.207][SEVERE]: Timed out receiving message from renderer: 0.100
[1588256133.313][SEVERE]: Timed out receiving message from renderer: 0.100
[1588256133.416][SEVERE]: Timed out receiving message from renderer: 0.100
[1588256133.526][SEVERE]: Timed out receiving message from renderer: 0.100
[1588256133.655][SEVERE]: Timed out receiving message from renderer: 0.100
]]></system-err>
</testsuite>
